2018-04-14 22:58:46.565 [musics.js] [INFO] Répertoire temporaire: C:\Users\MAL~1\AppData\Local\Temp\Daft Manager-0.2.1
2018-04-14 22:58:46.566 [musics.js] [WARN] Le dossier existe déja: C:\Users\MAL~1\AppData\Local\Temp\Daft Manager-0.2.1
2018-04-14 22:58:46.567 [musics.js] [WARN] Le dossier existe déja: C:\Users\MAL~1\AppData\Local\Temp\Daft Manager-0.2.1\covers
2018-04-14 22:59:58.390 [musics.js] [INFO] Répertoire musical: D:\Maël\Documents\GitHub\Daft-Project\folder
2018-04-14 22:59:58.393 [musics.js] [INFO] Sélection unique.
2018-04-14 22:59:58.401 [musics.js] [INFO] Liste des fichiers: [object Object]
2018-04-14 22:59:58.401 [musics.js] [INFO] Il y a 16 musiques
2018-04-14 23:00:38.131 [musics.js] [INFO] Répertoire musical: D:\Maël\Documents\GitHub\Daft-Project\folder
2018-04-14 23:00:38.131 [musics.js] [INFO] Sélection unique.
2018-04-14 23:00:38.140 [musics.js] [INFO] Liste des fichiers: [object Object]
2018-04-14 23:00:38.140 [musics.js] [INFO] Il y a 16 musiques
2018-04-14 23:03:01.282 [musics.js] [INFO] Répertoire musical: D:\Maël\Documents\GitHub\Daft-Project\folder
2018-04-14 23:03:01.283 [musics.js] [INFO] Sélection unique.
2018-04-14 23:03:01.290 [musics.js] [INFO] Liste des fichiers: [object Object]
2018-04-14 23:03:01.290 [musics.js] [INFO] Il y a 16 musiques
2018-04-14 23:06:37.176 [musics.js] [INFO] Répertoire musical: D:\Maël\Documents\GitHub\Daft-Project\folder
2018-04-14 23:06:37.177 [musics.js] [INFO] Sélection unique.
2018-04-14 23:06:37.184 [musics.js] [INFO] Liste des fichiers: [object Object]
2018-04-14 23:06:37.184 [musics.js] [INFO] Il y a 16 musiques
2018-04-14 23:06:46.048 [musics.js] [INFO] Répertoire musical: D:\Maël\Documents\GitHub\Daft-Project\folder
2018-04-14 23:06:46.048 [musics.js] [INFO] Sélection unique.
2018-04-14 23:06:46.051 [musics.js] [INFO] Liste des fichiers: [object Object]
2018-04-14 23:06:46.051 [musics.js] [INFO] Il y a 16 musiques
