2018-04-14 22:50:22.420 [musics.js] [INFO] Répertoire temporaire: C:\Users\MAL~1\AppData\Local\Temp\Daft Manager-0.2.1
2018-04-14 22:50:22.422 [musics.js] [WARN] Le dossier existe déja: C:\Users\MAL~1\AppData\Local\Temp\Daft Manager-0.2.1
2018-04-14 22:50:22.422 [musics.js] [WARN] Le dossier existe déja: C:\Users\MAL~1\AppData\Local\Temp\Daft Manager-0.2.1\covers
2018-04-14 22:50:27.670 [musics.js] [INFO] Répertoire musical: D:\Maël\Documents\GitHub\Daft-Project\folder\Civilization
2018-04-14 22:50:27.670 [musics.js] [INFO] Sélection unique.
2018-04-14 22:50:27.673 [musics.js] [INFO] Liste des fichiers: [object Object]
2018-04-14 22:50:27.673 [musics.js] [INFO] Il y a 4 musiques
2018-04-14 22:50:31.568 [musics.js] [INFO] Répertoire musical: D:\Maël\Documents\GitHub\Daft-Project\folder\Audio, Video, Disco - EP
2018-04-14 22:50:31.568 [musics.js] [INFO] Sélection unique.
2018-04-14 22:50:31.570 [musics.js] [INFO] Liste des fichiers: [object Object]
2018-04-14 22:50:31.570 [musics.js] [INFO] Il y a 2 musiques
2018-04-14 22:50:37.917 [musics.js] [INFO] Répertoire musical: D:\Maël\Documents\GitHub\Daft-Project\folder\Revolution 909
2018-04-14 22:50:37.921 [musics.js] [INFO] Liste des fichiers: [object Object]
2018-04-14 22:50:37.921 [musics.js] [INFO] Il y a 4 musiques
2018-04-14 22:50:43.465 [musics.js] [INFO] Répertoire musical: D:\Maël\Musique\AC_DC
2018-04-14 22:50:43.465 [musics.js] [INFO] Sélection unique.
2018-04-14 22:50:43.670 [musics.js] [INFO] Liste des fichiers: [object Object]
2018-04-14 22:50:43.670 [musics.js] [INFO] Il y a 634 musiques
2018-04-14 22:50:47.464 [musics.js] [INFO] Répertoire musical: D:\Maël\Musique
2018-04-14 22:50:47.464 [musics.js] [INFO] Sélection unique.
2018-04-14 22:50:49.822 [musics.js] [INFO] Liste des fichiers: [object Object]
2018-04-14 22:50:49.822 [musics.js] [INFO] Il y a 9095 musiques
