2018-04-06 21:21:15.537 [INFO] Répertoire temporaire: C:\Users\MAL~1\AppData\Local\Temp\Daft-Manager-0.1.5
2018-04-06 21:21:15.538 [WARN] Le dossier existe déja: C:\Users\MAL~1\AppData\Local\Temp\Daft-Manager-0.1.5
2018-04-06 21:21:20.322 [INFO] Répertoire musical: D:\Maël\Documents\GitHub\Daft-Project\folder
2018-04-06 21:21:20.323 [INFO] Sélection unique.
2018-04-06 21:21:20.337 [INFO] Liste des fichiers: D:/Maël/Documents/GitHub/Daft-Project/folder/Audio, Video, Disco - EP/01 Audio, Video, Disco. (Para One Remix).mp3
D:/Maël/Documents/GitHub/Daft-Project/folder/Audio, Video, Disco - EP/02 Audio, Video, Disco. (Mickey Moonlight Remix).mp3
D:/Maël/Documents/GitHub/Daft-Project/folder/Civilization/1 - Civilization.mp3
D:/Maël/Documents/GitHub/Daft-Project/folder/Civilization/2 - Civilization (Demo Version).mp3
D:/Maël/Documents/GitHub/Daft-Project/folder/Civilization/3 - Civilization (Mr. Oizo Remix).mp3
D:/Maël/Documents/GitHub/Daft-Project/folder/Civilization/4 - Civilization (The Fucking Champs Remix).mp3
D:/Maël/Documents/GitHub/Daft-Project/folder/Harder Better Faster Stronger/A1 - Harder Better Faster Stronger (Alive Radio Edit 2007).mp3
D:/Maël/Documents/GitHub/Daft-Project/folder/Harder Better Faster Stronger/A2 - Harder Better Faster Stronger (Alive Extended 2007).mp3
D:/Maël/Documents/GitHub/Daft-Project/folder/Harder Better Faster Stronger/B1 - Harder Better Faster Stronger.mp3
D:/Maël/Documents/GitHub/Daft-Project/folder/Harder Better Faster Stronger/B2 - Harder Better Faster Stronger (Breakers Break Remix).mp3
D:/Maël/Documents/GitHub/Daft-Project/folder/Harder Better Faster Stronger/B3 - Harder Better Faster Stronger (The Neptunes Remix).mp3
D:/Maël/Documents/GitHub/Daft-Project/folder/Harder Better Faster Stronger/B4 - Harder Better Faster Stronger ( Pete Hellers Stylus).mp3
D:/Maël/Documents/GitHub/Daft-Project/folder/Revolution 909/1 - Revolution 909 (Radio Edit).mp3
D:/Maël/Documents/GitHub/Daft-Project/folder/Revolution 909/2 - Revolution 909 (Roger Sanchez Remix).mp3
D:/Maël/Documents/GitHub/Daft-Project/folder/Revolution 909/3 - Revolution 909 (Revolution Accapella).mp3
D:/Maël/Documents/GitHub/Daft-Project/folder/Revolution 909/4 - Revolution 909.mp3
2018-04-06 21:21:20.337 [INFO] Il y a 16 musiques
2018-04-06 21:21:22.035 [INFO] Analyse des musiques
2018-04-06 21:21:23.370 [WARN] Le dossier existe déja: C:\Users\MAL~1\AppData\Local\Temp\Daft-Manager-0.1.5\Justice
2018-04-06 21:21:23.392 [WARN] Le dossier existe déja: C:\Users\MAL~1\AppData\Local\Temp\Daft-Manager-0.1.5\Daft Punk
2018-04-06 21:21:23.439 [WARN] Le dossier existe déja: C:\Users\MAL~1\AppData\Local\Temp\Daft-Manager-0.1.5\Daft Punk
2018-04-06 21:21:23.488 [WARN] Le dossier existe déja: C:\Users\MAL~1\AppData\Local\Temp\Daft-Manager-0.1.5\Justice
2018-04-06 21:21:24.473 [INFO] Requête: Harder Better Faster Stronger \ Daft Punk
2018-04-06 21:21:24.473 [INFO] Téléchargement: https://lastfm-img2.akamaized.net/i/u/300x300/3a98c01a45b740918b6e4b02f456ff2f.png vers C:\Users\MAL~1\AppData\Local\Temp\Daft-Manager-0.1.5\Daft Punk\Harder Better Faster Stronger.png
2018-04-06 21:21:24.554 [INFO] Requête: Justice
2018-04-06 21:21:24.554 [INFO] Téléchargement: https://lastfm-img2.akamaized.net/i/u/300x300/3f6248c361c64e47ce893406a1a853dd.png vers C:\Users\MAL~1\AppData\Local\Temp\Daft-Manager-0.1.5\Justice.png
2018-04-06 21:21:24.713 [INFO] Requête: Daft Punk
2018-04-06 21:21:24.713 [INFO] Téléchargement: https://lastfm-img2.akamaized.net/i/u/300x300/9fd718d4c80e4ac89107c6c0bb908440.png vers C:\Users\MAL~1\AppData\Local\Temp\Daft-Manager-0.1.5\Daft Punk.png
