2018-04-14 22:49:15.974 [musics.js] [INFO] Répertoire temporaire: C:\Users\MAL~1\AppData\Local\Temp\Daft Manager-0.2.1
2018-04-14 22:49:15.975 [musics.js] [WARN] Le dossier existe déja: C:\Users\MAL~1\AppData\Local\Temp\Daft Manager-0.2.1
2018-04-14 22:49:15.976 [musics.js] [WARN] Le dossier existe déja: C:\Users\MAL~1\AppData\Local\Temp\Daft Manager-0.2.1\covers
2018-04-14 22:49:19.259 [musics.js] [INFO] Répertoire musical: D:\Maël\Documents\GitHub\Daft-Project\folder\Civilization
2018-04-14 22:49:19.260 [musics.js] [INFO] Sélection unique.
2018-04-14 22:49:19.261 [musics.js] [INFO] Liste des fichiers: [object Object]
2018-04-14 22:49:19.261 [musics.js] [INFO] Il y a 4 musiques
2018-04-14 22:49:24.843 [musics.js] [INFO] Répertoire musical: D:\Maël\Documents\GitHub\Daft-Project\folder\Civilization
2018-04-14 22:49:24.843 [musics.js] [INFO] Sélection unique.
2018-04-14 22:49:24.844 [musics.js] [INFO] Liste des fichiers: [object Object]
2018-04-14 22:49:24.844 [musics.js] [INFO] Il y a 4 musiques
2018-04-14 22:49:29.429 [musics.js] [INFO] Répertoire musical: D:\Maël\Documents\GitHub\Daft-Project\folder\Audio, Video, Disco - EP
2018-04-14 22:49:29.430 [musics.js] [INFO] Liste des fichiers: [object Object]
2018-04-14 22:49:29.430 [musics.js] [INFO] Il y a 2 musiques
2018-04-14 22:49:33.384 [musics.js] [INFO] Répertoire musical: D:\Maël\Documents\GitHub\Daft-Project\folder\Audio, Video, Disco - EP
2018-04-14 22:49:33.384 [musics.js] [INFO] Sélection unique.
2018-04-14 22:49:33.385 [musics.js] [INFO] Liste des fichiers: [object Object]
2018-04-14 22:49:33.385 [musics.js] [INFO] Il y a 2 musiques
2018-04-14 22:49:37.157 [musics.js] [INFO] Répertoire musical: D:\Maël\Documents\GitHub\Daft-Project\folder\Civilization
2018-04-14 22:49:37.157 [musics.js] [INFO] Sélection unique.
2018-04-14 22:49:37.158 [musics.js] [INFO] Liste des fichiers: [object Object]
2018-04-14 22:49:37.158 [musics.js] [INFO] Il y a 4 musiques
