2018-04-06 21:23:03.698 [INFO] Répertoire temporaire: C:\Users\MAL~1\AppData\Local\Temp\Daft-Manager-0.1.5
2018-04-06 21:23:03.700 [WARN] Le dossier existe déja: C:\Users\MAL~1\AppData\Local\Temp\Daft-Manager-0.1.5
2018-04-06 21:23:07.110 [INFO] Répertoire musical: D:\Maël\Documents\GitHub\Daft-Project\folder
2018-04-06 21:23:07.110 [INFO] Sélection unique.
2018-04-06 21:23:07.120 [INFO] Liste des fichiers: D:/Maël/Documents/GitHub/Daft-Project/folder/Audio, Video, Disco - EP/01 Audio, Video, Disco. (Para One Remix).mp3
D:/Maël/Documents/GitHub/Daft-Project/folder/Audio, Video, Disco - EP/02 Audio, Video, Disco. (Mickey Moonlight Remix).mp3
D:/Maël/Documents/GitHub/Daft-Project/folder/Civilization/1 - Civilization.mp3
D:/Maël/Documents/GitHub/Daft-Project/folder/Civilization/2 - Civilization (Demo Version).mp3
D:/Maël/Documents/GitHub/Daft-Project/folder/Civilization/3 - Civilization (Mr. Oizo Remix).mp3
D:/Maël/Documents/GitHub/Daft-Project/folder/Civilization/4 - Civilization (The Fucking Champs Remix).mp3
D:/Maël/Documents/GitHub/Daft-Project/folder/Harder Better Faster Stronger/A1 - Harder Better Faster Stronger (Alive Radio Edit 2007).mp3
D:/Maël/Documents/GitHub/Daft-Project/folder/Harder Better Faster Stronger/A2 - Harder Better Faster Stronger (Alive Extended 2007).mp3
D:/Maël/Documents/GitHub/Daft-Project/folder/Harder Better Faster Stronger/B1 - Harder Better Faster Stronger.mp3
D:/Maël/Documents/GitHub/Daft-Project/folder/Harder Better Faster Stronger/B2 - Harder Better Faster Stronger (Breakers Break Remix).mp3
D:/Maël/Documents/GitHub/Daft-Project/folder/Harder Better Faster Stronger/B3 - Harder Better Faster Stronger (The Neptunes Remix).mp3
D:/Maël/Documents/GitHub/Daft-Project/folder/Harder Better Faster Stronger/B4 - Harder Better Faster Stronger ( Pete Hellers Stylus).mp3
D:/Maël/Documents/GitHub/Daft-Project/folder/Revolution 909/1 - Revolution 909 (Radio Edit).mp3
D:/Maël/Documents/GitHub/Daft-Project/folder/Revolution 909/2 - Revolution 909 (Roger Sanchez Remix).mp3
D:/Maël/Documents/GitHub/Daft-Project/folder/Revolution 909/3 - Revolution 909 (Revolution Accapella).mp3
D:/Maël/Documents/GitHub/Daft-Project/folder/Revolution 909/4 - Revolution 909.mp3
2018-04-06 21:23:07.120 [INFO] Il y a 16 musiques
2018-04-06 21:23:09.192 [INFO] Analyse des musiques
2018-04-06 21:23:10.380 [WARN] Le dossier existe déja: C:\Users\MAL~1\AppData\Local\Temp\Daft-Manager-0.1.5\Daft Punk
2018-04-06 21:23:10.393 [WARN] Le dossier existe déja: C:\Users\MAL~1\AppData\Local\Temp\Daft-Manager-0.1.5\Justice
2018-04-06 21:23:10.410 [WARN] Le dossier existe déja: C:\Users\MAL~1\AppData\Local\Temp\Daft-Manager-0.1.5\Justice
2018-04-06 21:23:10.429 [INFO] Erreur lastfm: Error: getaddrinfo ENOENT ws.audioscrobbler.com:443
2018-04-06 21:23:10.430 [INFO] Erreur lastfm: Error: getaddrinfo ENOENT ws.audioscrobbler.com:443
2018-04-06 21:23:10.433 [WARN] Le dossier existe déja: C:\Users\MAL~1\AppData\Local\Temp\Daft-Manager-0.1.5\Daft Punk
2018-04-06 21:23:10.466 [INFO] Erreur lastfm: Error: getaddrinfo ENOENT ws.audioscrobbler.com:443
