2018-04-06 21:40:11.037 [INFO] Répertoire temporaire: C:\Users\MAL~1\AppData\Local\Temp\Daft-Manager-0.1.5
2018-04-06 21:40:11.039 [WARN] Le dossier existe déja: C:\Users\MAL~1\AppData\Local\Temp\Daft-Manager-0.1.5
2018-04-06 21:40:22.201 [INFO] Répertoire musical: D:\Maël\Documents\GitHub\Daft-Project\folder
2018-04-06 21:40:22.201 [INFO] Sélection unique.
2018-04-06 21:40:22.209 [INFO] Liste des fichiers: D:/Maël/Documents/GitHub/Daft-Project/folder/Audio, Video, Disco - EP/01 Audio, Video, Disco. (Para One Remix).mp3
D:/Maël/Documents/GitHub/Daft-Project/folder/Audio, Video, Disco - EP/02 Audio, Video, Disco. (Mickey Moonlight Remix).mp3
D:/Maël/Documents/GitHub/Daft-Project/folder/Civilization/1 - Civilization.mp3
D:/Maël/Documents/GitHub/Daft-Project/folder/Civilization/2 - Civilization (Demo Version).mp3
D:/Maël/Documents/GitHub/Daft-Project/folder/Civilization/3 - Civilization (Mr. Oizo Remix).mp3
D:/Maël/Documents/GitHub/Daft-Project/folder/Civilization/4 - Civilization (The Fucking Champs Remix).mp3
D:/Maël/Documents/GitHub/Daft-Project/folder/Harder Better Faster Stronger/A1 - Harder Better Faster Stronger (Alive Radio Edit 2007).mp3
D:/Maël/Documents/GitHub/Daft-Project/folder/Harder Better Faster Stronger/A2 - Harder Better Faster Stronger (Alive Extended 2007).mp3
D:/Maël/Documents/GitHub/Daft-Project/folder/Harder Better Faster Stronger/B1 - Harder Better Faster Stronger.mp3
D:/Maël/Documents/GitHub/Daft-Project/folder/Harder Better Faster Stronger/B2 - Harder Better Faster Stronger (Breakers Break Remix).mp3
D:/Maël/Documents/GitHub/Daft-Project/folder/Harder Better Faster Stronger/B3 - Harder Better Faster Stronger (The Neptunes Remix).mp3
D:/Maël/Documents/GitHub/Daft-Project/folder/Harder Better Faster Stronger/B4 - Harder Better Faster Stronger ( Pete Hellers Stylus).mp3
D:/Maël/Documents/GitHub/Daft-Project/folder/Revolution 909/1 - Revolution 909 (Radio Edit).mp3
D:/Maël/Documents/GitHub/Daft-Project/folder/Revolution 909/2 - Revolution 909 (Roger Sanchez Remix).mp3
D:/Maël/Documents/GitHub/Daft-Project/folder/Revolution 909/3 - Revolution 909 (Revolution Accapella).mp3
D:/Maël/Documents/GitHub/Daft-Project/folder/Revolution 909/4 - Revolution 909.mp3
2018-04-06 21:40:22.209 [INFO] Il y a 16 musiques
2018-04-06 21:40:30.736 [INFO] Analyse des musiques
2018-04-06 21:40:31.850 [WARN] Le dossier existe déja: C:\Users\MAL~1\AppData\Local\Temp\Daft-Manager-0.1.5\Daft Punk
2018-04-06 21:40:31.872 [INFO] Avancement de l'analyse: 6%
2018-04-06 21:40:31.878 [INFO] Avancement de l'analyse: 13%
2018-04-06 21:40:31.879 [INFO] Avancement de l'analyse: 19%
2018-04-06 21:40:31.880 [INFO] Avancement de l'analyse: 25%
2018-04-06 21:40:31.880 [INFO] Avancement de l'analyse: 31%
2018-04-06 21:40:31.882 [INFO] Avancement de l'analyse: 38%
2018-04-06 21:40:31.884 [WARN] Le dossier existe déja: C:\Users\MAL~1\AppData\Local\Temp\Daft-Manager-0.1.5\Justice
2018-04-06 21:40:31.919 [INFO] Avancement de l'analyse: 44%
2018-04-06 21:40:31.920 [INFO] Avancement de l'analyse: 50%
2018-04-06 21:40:31.921 [INFO] Avancement de l'analyse: 56%
2018-04-06 21:40:31.921 [INFO] Avancement de l'analyse: 63%
2018-04-06 21:40:31.922 [WARN] Le dossier existe déja: C:\Users\MAL~1\AppData\Local\Temp\Daft-Manager-0.1.5\Justice
2018-04-06 21:40:31.969 [INFO] Avancement de l'analyse: 69%
2018-04-06 21:40:31.970 [INFO] Avancement de l'analyse: 75%
2018-04-06 21:40:31.977 [WARN] Le dossier existe déja: C:\Users\MAL~1\AppData\Local\Temp\Daft-Manager-0.1.5\Daft Punk
2018-04-06 21:40:32.008 [INFO] Avancement de l'analyse: 81%
2018-04-06 21:40:32.014 [WARN] Pochette (Harder Better Faster Stronger): Error: ffmpeg version N-90306-g688060fbb7 Copyright (c) 2000-2018 the FFmpeg developers
  built with gcc 7.3.0 (GCC)
  configuration: --enable-gpl --enable-version3 --enable-sdl2 --enable-bzlib --enable-fontconfig --enable-gnutls --enable-iconv --enable-libass --enable-libbluray --enable-libfreetype --enable-libmp3lame --enable-libopencore-amrnb --enable-libopencore-amrwb --enable-libopenjpeg --enable-libopus --enable-libshine --enable-libsnappy --enable-libsoxr --enable-libtheora --enable-libtwolame --enable-libvpx --enable-libwavpack --enable-libwebp --enable-libx264 --enable-libx265 --enable-libxml2 --enable-libzimg --enable-lzma --enable-zlib --enable-gmp --enable-libvidstab --enable-libvorbis --enable-libvo-amrwbenc --enable-libmysofa --enable-libspeex --enable-libxvid --enable-libmfx --enable-amf --enable-ffnvcodec --enable-cuvid --enable-d3d11va --enable-nvenc --enable-nvdec --enable-dxva2 --enable-avisynth
  libavutil      56.  9.100 / 56.  9.100
  libavcodec     58. 14.100 / 58. 14.100
  libavformat    58. 10.100 / 58. 10.100
  libavdevice    58.  2.100 / 58.  2.100
  libavfilter     7. 13.100 /  7. 13.100
  libswscale      5.  0.102 /  5.  0.102
  libswresample   3.  0.101 /  3.  0.101
  libpostproc    55.  0.100 / 55.  0.100
[mp3 @ 0000012a079abb00] Estimating duration from bitrate, this may be inaccurate
Input #0, mp3, from 'D:/Maël/Documents/GitHub/Daft-Project/folder/Harder Better Faster Stronger/B4 - Harder Better Faster Stronger ( Pete Hellers Stylus).mp3':
  Metadata:
    album           : Harder Better Faster Stronger
    artist          : Daft Punk
    album_artist    : Daft Punk
    disc            : 2
    title           : Harder Better Faster Stronger (Pete Hellers Stylus)
    track           : 4
    date            : 2001
  Duration: 00:09:14.96, start: 0.000000, bitrate: 320 kb/s
    Stream #0:0: Audio: mp3, 44100 Hz, stereo, s16p, 320 kb/s
Output #0, image2, to 'C:\Users\MAL~1\AppData\Local\Temp\Daft-Manager-0.1.5\Daft Punk\Harder Better Faster Stronger.jpg':
Output file #0 does not contain any stream

2018-04-06 21:40:32.015 [INFO] Pochette ajoutée: Harder Better Faster Stronger
2018-04-06 21:40:32.015 [INFO] Avancement de l'analyse: 88%
2018-04-06 21:40:32.016 [INFO] Avancement de l'analyse: 94%
2018-04-06 21:40:32.016 [INFO] Avancement de l'analyse: 100%
2018-04-06 21:40:33.048 [INFO] Requête: Harder Better Faster Stronger \ Daft Punk
2018-04-06 21:40:33.048 [INFO] Téléchargement: https://lastfm-img2.akamaized.net/i/u/300x300/3a98c01a45b740918b6e4b02f456ff2f.png vers C:\Users\MAL~1\AppData\Local\Temp\Daft-Manager-0.1.5\Daft Punk\Harder Better Faster Stronger.png
2018-04-06 21:40:33.107 [INFO] Requête: Justice
2018-04-06 21:40:33.107 [INFO] Téléchargement: https://lastfm-img2.akamaized.net/i/u/300x300/3f6248c361c64e47ce893406a1a853dd.png vers C:\Users\MAL~1\AppData\Local\Temp\Daft-Manager-0.1.5\Justice.png
2018-04-06 21:40:33.258 [INFO] Requête: Daft Punk
2018-04-06 21:40:33.258 [INFO] Téléchargement: https://lastfm-img2.akamaized.net/i/u/300x300/9fd718d4c80e4ac89107c6c0bb908440.png vers C:\Users\MAL~1\AppData\Local\Temp\Daft-Manager-0.1.5\Daft Punk.png
2018-04-06 21:40:33.422 [INFO] Fin de téléchargement: https://lastfm-img2.akamaized.net/i/u/300x300/3f6248c361c64e47ce893406a1a853dd.png
2018-04-06 21:40:33.471 [INFO] Dossier de sortie: D:\Maël\Documents\GitHub\Daft-Project\output-9T7Lfc
2018-04-06 21:40:33.486 [INFO] Dossier créé: D:\Maël\Documents\GitHub\Daft-Project\output-9T7Lfc\01
2018-04-06 21:40:33.489 [INFO] Dossier créé: D:\Maël\Documents\GitHub\Daft-Project\output-9T7Lfc\02
2018-04-06 21:40:33.491 [INFO] Export des musiques vers D:\Maël\Documents\GitHub\Daft-Project
2018-04-06 21:40:33.566 [INFO] Fin de téléchargement: https://lastfm-img2.akamaized.net/i/u/300x300/3a98c01a45b740918b6e4b02f456ff2f.png
2018-04-06 21:40:33.720 [INFO] Fin de téléchargement: https://lastfm-img2.akamaized.net/i/u/300x300/9fd718d4c80e4ac89107c6c0bb908440.png
