2018-04-06 21:33:10.291 [INFO] Répertoire temporaire: C:\Users\MAL~1\AppData\Local\Temp\Daft-Manager-0.1.5
2018-04-06 21:33:10.292 [WARN] Le dossier existe déja: C:\Users\MAL~1\AppData\Local\Temp\Daft-Manager-0.1.5
2018-04-06 21:33:13.441 [INFO] Répertoire musical: D:\Maël\Documents\GitHub\Daft-Project\folder
2018-04-06 21:33:13.441 [INFO] Sélection unique.
2018-04-06 21:33:13.449 [INFO] Liste des fichiers: D:/Maël/Documents/GitHub/Daft-Project/folder/Audio, Video, Disco - EP/01 Audio, Video, Disco. (Para One Remix).mp3
D:/Maël/Documents/GitHub/Daft-Project/folder/Audio, Video, Disco - EP/02 Audio, Video, Disco. (Mickey Moonlight Remix).mp3
D:/Maël/Documents/GitHub/Daft-Project/folder/Civilization/1 - Civilization.mp3
D:/Maël/Documents/GitHub/Daft-Project/folder/Civilization/2 - Civilization (Demo Version).mp3
D:/Maël/Documents/GitHub/Daft-Project/folder/Civilization/3 - Civilization (Mr. Oizo Remix).mp3
D:/Maël/Documents/GitHub/Daft-Project/folder/Civilization/4 - Civilization (The Fucking Champs Remix).mp3
D:/Maël/Documents/GitHub/Daft-Project/folder/Harder Better Faster Stronger/A1 - Harder Better Faster Stronger (Alive Radio Edit 2007).mp3
D:/Maël/Documents/GitHub/Daft-Project/folder/Harder Better Faster Stronger/A2 - Harder Better Faster Stronger (Alive Extended 2007).mp3
D:/Maël/Documents/GitHub/Daft-Project/folder/Harder Better Faster Stronger/B1 - Harder Better Faster Stronger.mp3
D:/Maël/Documents/GitHub/Daft-Project/folder/Harder Better Faster Stronger/B2 - Harder Better Faster Stronger (Breakers Break Remix).mp3
D:/Maël/Documents/GitHub/Daft-Project/folder/Harder Better Faster Stronger/B3 - Harder Better Faster Stronger (The Neptunes Remix).mp3
D:/Maël/Documents/GitHub/Daft-Project/folder/Harder Better Faster Stronger/B4 - Harder Better Faster Stronger ( Pete Hellers Stylus).mp3
D:/Maël/Documents/GitHub/Daft-Project/folder/Revolution 909/1 - Revolution 909 (Radio Edit).mp3
D:/Maël/Documents/GitHub/Daft-Project/folder/Revolution 909/2 - Revolution 909 (Roger Sanchez Remix).mp3
D:/Maël/Documents/GitHub/Daft-Project/folder/Revolution 909/3 - Revolution 909 (Revolution Accapella).mp3
D:/Maël/Documents/GitHub/Daft-Project/folder/Revolution 909/4 - Revolution 909.mp3
2018-04-06 21:33:13.449 [INFO] Il y a 16 musiques
2018-04-06 21:33:14.620 [INFO] Analyse des musiques
2018-04-06 21:33:15.991 [WARN] Le dossier existe déja: C:\Users\MAL~1\AppData\Local\Temp\Daft-Manager-0.1.5\Justice
2018-04-06 21:33:15.998 [INFO] Avancement de l'analyse: 6.25
2018-04-06 21:33:16.003 [INFO] Avancement de l'analyse: 12.5
2018-04-06 21:33:16.016 [INFO] Avancement de l'analyse: 18.75
2018-04-06 21:33:16.019 [WARN] Le dossier existe déja: C:\Users\MAL~1\AppData\Local\Temp\Daft-Manager-0.1.5\Daft Punk
2018-04-06 21:33:16.042 [INFO] Avancement de l'analyse: 25
2018-04-06 21:33:16.043 [WARN] Le dossier existe déja: C:\Users\MAL~1\AppData\Local\Temp\Daft-Manager-0.1.5\Justice
2018-04-06 21:33:16.071 [INFO] Avancement de l'analyse: 31.25
2018-04-06 21:33:16.071 [INFO] Avancement de l'analyse: 37.5
2018-04-06 21:33:16.072 [WARN] Le dossier existe déja: C:\Users\MAL~1\AppData\Local\Temp\Daft-Manager-0.1.5\Daft Punk
2018-04-06 21:33:16.090 [INFO] Avancement de l'analyse: 43.75
2018-04-06 21:33:16.092 [INFO] Avancement de l'analyse: 50
2018-04-06 21:33:16.092 [INFO] Avancement de l'analyse: 56.25
2018-04-06 21:33:16.093 [INFO] Avancement de l'analyse: 62.5
2018-04-06 21:33:16.093 [INFO] Avancement de l'analyse: 68.75
2018-04-06 21:33:16.094 [INFO] Avancement de l'analyse: 75
2018-04-06 21:33:16.098 [INFO] Avancement de l'analyse: 81.25
2018-04-06 21:33:16.098 [INFO] Avancement de l'analyse: 87.5
2018-04-06 21:33:16.099 [INFO] Avancement de l'analyse: 93.75
2018-04-06 21:33:16.099 [INFO] Avancement de l'analyse: 100
2018-04-06 21:33:16.205 [WARN] Pochette (Harder Better Faster Stronger): Error: ffmpeg version N-90306-g688060fbb7 Copyright (c) 2000-2018 the FFmpeg developers
  built with gcc 7.3.0 (GCC)
  configuration: --enable-gpl --enable-version3 --enable-sdl2 --enable-bzlib --enable-fontconfig --enable-gnutls --enable-iconv --enable-libass --enable-libbluray --enable-libfreetype --enable-libmp3lame --enable-libopencore-amrnb --enable-libopencore-amrwb --enable-libopenjpeg --enable-libopus --enable-libshine --enable-libsnappy --enable-libsoxr --enable-libtheora --enable-libtwolame --enable-libvpx --enable-libwavpack --enable-libwebp --enable-libx264 --enable-libx265 --enable-libxml2 --enable-libzimg --enable-lzma --enable-zlib --enable-gmp --enable-libvidstab --enable-libvorbis --enable-libvo-amrwbenc --enable-libmysofa --enable-libspeex --enable-libxvid --enable-libmfx --enable-amf --enable-ffnvcodec --enable-cuvid --enable-d3d11va --enable-nvenc --enable-nvdec --enable-dxva2 --enable-avisynth
  libavutil      56.  9.100 / 56.  9.100
  libavcodec     58. 14.100 / 58. 14.100
  libavformat    58. 10.100 / 58. 10.100
  libavdevice    58.  2.100 / 58.  2.100
  libavfilter     7. 13.100 /  7. 13.100
  libswscale      5.  0.102 /  5.  0.102
  libswresample   3.  0.101 /  3.  0.101
  libpostproc    55.  0.100 / 55.  0.100
Input #0, mp3, from 'D:/Maël/Documents/GitHub/Daft-Project/folder/Harder Better Faster Stronger/A2 - Harder Better Faster Stronger (Alive Extended 2007).mp3':
  Metadata:
    album           : Harder Better Faster Stronger
    artist          : Daft Punk
    album_artist    : Daft Punk
    disc            : 1
    title           : Harder Better Faster Stronger (Alive Extended 2007)
    track           : 2
    date            : 2010
  Duration: 00:04:43.12, start: 0.025057, bitrate: 320 kb/s
    Stream #0:0: Audio: mp3, 44100 Hz, stereo, s16p, 320 kb/s
    Metadata:
      encoder         : Lavc56.19
Output #0, image2, to 'C:\Users\MAL~1\AppData\Local\Temp\Daft-Manager-0.1.5\Daft Punk\Harder Better Faster Stronger.jpg':
Output file #0 does not contain any stream

2018-04-06 21:33:16.206 [INFO] Pochette ajoutée: Harder Better Faster Stronger
2018-04-06 21:33:17.097 [INFO] Requête: Harder Better Faster Stronger \ Daft Punk
2018-04-06 21:33:17.097 [INFO] Téléchargement: https://lastfm-img2.akamaized.net/i/u/300x300/3a98c01a45b740918b6e4b02f456ff2f.png vers C:\Users\MAL~1\AppData\Local\Temp\Daft-Manager-0.1.5\Daft Punk\Harder Better Faster Stronger.png
2018-04-06 21:33:17.197 [INFO] Requête: Daft Punk
2018-04-06 21:33:17.197 [INFO] Téléchargement: https://lastfm-img2.akamaized.net/i/u/300x300/9fd718d4c80e4ac89107c6c0bb908440.png vers C:\Users\MAL~1\AppData\Local\Temp\Daft-Manager-0.1.5\Daft Punk.png
2018-04-06 21:33:17.227 [INFO] Dossier de sortie: D:\Maël\Documents\GitHub\Daft-Project\output-hbjBjU
2018-04-06 21:33:17.253 [INFO] Dossier créé: D:\Maël\Documents\GitHub\Daft-Project\output-hbjBjU\01
2018-04-06 21:33:17.268 [INFO] Dossier créé: D:\Maël\Documents\GitHub\Daft-Project\output-hbjBjU\02
2018-04-06 21:33:17.269 [INFO] Export des musiques vers D:\Maël\Documents\GitHub\Daft-Project
2018-04-06 21:33:17.362 [INFO] Requête: Justice
2018-04-06 21:33:17.362 [INFO] Téléchargement: https://lastfm-img2.akamaized.net/i/u/300x300/3f6248c361c64e47ce893406a1a853dd.png vers C:\Users\MAL~1\AppData\Local\Temp\Daft-Manager-0.1.5\Justice.png
2018-04-06 21:33:17.852 [INFO] Fin de téléchargement: https://lastfm-img2.akamaized.net/i/u/300x300/9fd718d4c80e4ac89107c6c0bb908440.png
2018-04-06 21:33:17.918 [INFO] Fin de téléchargement: https://lastfm-img2.akamaized.net/i/u/300x300/3a98c01a45b740918b6e4b02f456ff2f.png
2018-04-06 21:33:18.110 [INFO] Fin de téléchargement: https://lastfm-img2.akamaized.net/i/u/300x300/3f6248c361c64e47ce893406a1a853dd.png
